GROMACS:    gmx mdrun, VERSION 5.0.6

GROMACS is written by:
Emile Apol         Rossen Apostolov   Herman J.C. Berendsen Par Bjelkmar       
Aldert van Buuren  Rudi van Drunen    Anton Feenstra     Sebastian Fritsch  
Gerrit Groenhof    Christoph Junghans Peter Kasson       Carsten Kutzner    
Per Larsson        Justin A. Lemkul   Magnus Lundborg    Pieter Meulenhoff  
Erik Marklund      Teemu Murtola      Szilard Pall       Sander Pronk       
Roland Schulz      Alexey Shvetsov    Michael Shirts     Alfons Sijbers     
Peter Tieleman     Christian Wennberg Maarten Wolf       
and the project leaders:
Mark Abraham, Berk Hess, Erik Lindahl, and David van der Spoel

Copyright (c) 1991-2000, University of Groningen, The Netherlands.
Copyright (c) 2001-2014, The GROMACS development team at
Uppsala University, Stockholm University and
the Royal Institute of Technology, Sweden.
check out http://www.gromacs.org for more information.

GROMACS is free software; you can redistribute it and/or modify it
under the terms of the GNU Lesser General Public License
as published by the Free Software Foundation; either version 2.1
of the License, or (at your option) any later version.

GROMACS:      gmx mdrun, VERSION 5.0.6
Executable:   /pdc/vol/gromacs/5.0.6/bin/gmx_mpi
Library dir:  /pdc/vol/gromacs/5.0.6/share/gromacs/top
Command line:
  gmx_mpi mdrun -s cccc_step8-md-zro.tpr -rerun cccc_step8.gro -g cccc_step8-md-zro.log

Reading file cccc_step8-md-zro.tpr, VERSION 5.0.6 (single precision)
Changing nstlist from 10 to 40, rlist from 1.5 to 1.5

The number of OpenMP threads was set by environment variable OMP_NUM_THREADS to 1
Using 1 MPI process
Using 1 OpenMP thread 

Back Off! I just backed up ener.edr to ./#ener.edr.22#
starting md rerun 'BTV', reading coordinates from input trajectory 'cccc_step8.gro'

Reading frames from gro file 'mol ', 39 atoms.
Reading frame       0 time    0.000   
WARNING: Some frames do not contain velocities.
         Ekin, temperature and pressure are incorrect,
         the virial will be incorrect when constraints are present.

Last frame          0 time    0.000   

               Core t (s)   Wall t (s)        (%)
       Time:        0.003        0.005       58.9
                 (ns/day)    (hour/ns)
Performance:       33.212        0.723

gcq#273: "In the Meantime, Take Care of Yourself aaand Eachother" (J. Springer)

GROMACS:    gmx mdrun, VERSION 5.0.6

GROMACS is written by:
Emile Apol         Rossen Apostolov   Herman J.C. Berendsen Par Bjelkmar       
Aldert van Buuren  Rudi van Drunen    Anton Feenstra     Sebastian Fritsch  
Gerrit Groenhof    Christoph Junghans Peter Kasson       Carsten Kutzner    
Per Larsson        Justin A. Lemkul   Magnus Lundborg    Pieter Meulenhoff  
Erik Marklund      Teemu Murtola      Szilard Pall       Sander Pronk       
Roland Schulz      Alexey Shvetsov    Michael Shirts     Alfons Sijbers     
Peter Tieleman     Christian Wennberg Maarten Wolf       
and the project leaders:
Mark Abraham, Berk Hess, Erik Lindahl, and David van der Spoel

Copyright (c) 1991-2000, University of Groningen, The Netherlands.
Copyright (c) 2001-2014, The GROMACS development team at
Uppsala University, Stockholm University and
the Royal Institute of Technology, Sweden.
check out http://www.gromacs.org for more information.

GROMACS is free software; you can redistribute it and/or modify it
under the terms of the GNU Lesser General Public License
as published by the Free Software Foundation; either version 2.1
of the License, or (at your option) any later version.

GROMACS:      gmx mdrun, VERSION 5.0.6
Executable:   /pdc/vol/gromacs/5.0.6/bin/gmx_mpi
Library dir:  /pdc/vol/gromacs/5.0.6/share/gromacs/top
Command line:
  gmx_mpi mdrun -s cccc_step4-md-zro.tpr -rerun cccc_step4.gro -g cccc_step4-md-zro.log

Reading file cccc_step4-md-zro.tpr, VERSION 5.0.6 (single precision)
Changing nstlist from 10 to 40, rlist from 1.5 to 1.5

The number of OpenMP threads was set by environment variable OMP_NUM_THREADS to 1
Using 1 MPI process
Using 1 OpenMP thread 

Back Off! I just backed up ener.edr to ./#ener.edr.23#
starting md rerun 'BTV', reading coordinates from input trajectory 'cccc_step4.gro'

Reading frames from gro file 'mol ', 39 atoms.
Reading frame       0 time    0.000   
WARNING: Some frames do not contain velocities.
         Ekin, temperature and pressure are incorrect,
         the virial will be incorrect when constraints are present.

Last frame          0 time    0.000   

               Core t (s)   Wall t (s)        (%)
       Time:        0.003        0.006       54.8
                 (ns/day)    (hour/ns)
Performance:       31.176        0.770

gcq#152: "BioBeat is Not Available In Regular Shops" (P.J. Meulenhoff)

GROMACS:    gmx mdrun, VERSION 5.0.6

GROMACS is written by:
Emile Apol         Rossen Apostolov   Herman J.C. Berendsen Par Bjelkmar       
Aldert van Buuren  Rudi van Drunen    Anton Feenstra     Sebastian Fritsch  
Gerrit Groenhof    Christoph Junghans Peter Kasson       Carsten Kutzner    
Per Larsson        Justin A. Lemkul   Magnus Lundborg    Pieter Meulenhoff  
Erik Marklund      Teemu Murtola      Szilard Pall       Sander Pronk       
GROMACS:    gmx mdrun, VERSION 5.0.6

GROMACS is written by:
Emile Apol         Rossen Apostolov   Herman J.C. Berendsen Par Bjelkmar       
Aldert van Buuren  Rudi van Drunen    Anton Feenstra     Sebastian Fritsch  
Gerrit Groenhof    Christoph Junghans Peter Kasson       Carsten Kutzner    
Per Larsson        Justin A. Lemkul   Magnus Lundborg    Pieter Meulenhoff  
Erik Marklund      Teemu Murtola      Szilard Pall       Sander Pronk       
Roland Schulz      Alexey Shvetsov    Roland Schulz      Alexey Shvetsov    Michael Shirts     Alfons Sijbers     
Peter Tieleman     Christian Wennberg Maarten Wolf       
and the project leaders:
Mark Abraham, Berk Hess, Erik Lindahl, and David van der Spoel

Copyright (c) 1991-2000, University of Groningen, The Netherlands.
Copyright (c) 2001-2014, The GROMACS development team at
Uppsala University, Stockholm University and
the Royal Institute of Technology, Sweden.
check out http://www.gromacs.org for more information.

GROMACS is free software; you can redistribute it and/or modify it
under the terms of the GNU Lesser General Public License
as published by the Free Software Foundation; either version 2.1
of the License, or (at your option) any later version.

GROMACS:      gmx mdrun, VERSION 5.0.6
Michael Shirts     Alfons Sijbers     
Peter Tieleman     Christian Wennberg Maarten Wolf       
and the project leaders:
Mark Abraham, Berk Hess, Erik Lindahl, and David van der Spoel

Copyright (c) 1991-2000, University of Groningen, The Netherlands.
Copyright (c) 2001-2014, The GROMACS development team at
Uppsala University, Stockholm University and
the Royal Institute of Technology, Sweden.
check out http://www.gromacs.org for more information.

GROMACS is free software; you can redistribute it and/or modify it
under the terms of the GNU Lesser General Public License
as published by the Free Software Foundation; either version 2.1
of the License, or (at your option) any later version.

GROMACS:      gmx mdrun, VERSION 5.0.6
Executable:   /pdc/vol/gromacs/5.0.6/bin/gmx_mpi
Library dir:  /pdc/vol/gromacs/5.0.6/share/gromacs/top
Command line:
  gmx_mpi mdrun -s cccc_step13-md-zro.tpr -rerun cccc_step13.gro -g cccc_step13-md-zro.log

Reading file cccc_step13-md-zro.tpr, VERSION 5.0.6 (single precision)
Executable:   /pdc/vol/gromacs/5.0.6/bin/gmx_mpi
Changing nstlist from 10 to 40, rlist from 1.5 to 1.5

The number of OpenMP threads was set by environment variable OMP_NUM_THREADS to 1
Library dir:  /pdc/vol/gromacs/5.0.6/share/gromacs/top
Command line:
  gmx_mpi mdrun -s cccc_step11-md-zro.tpr -rerun cccc_step11.gro -g cccc_step11-md-zro.log

Reading file cccc_step11-md-zro.tpr, VERSION 5.0.6 (single precision)
Using 1 MPI process
Using 1 OpenMP thread 
Changing nstlist from 10 to 40, rlist from 1.5 to 1.5

The number of OpenMP threads was set by environment variable OMP_NUM_THREADS to 1

Back Off! I just backed up ener.edr to ./#ener.edr.24#
Using 1 MPI process
Using 1 OpenMP thread 
starting md rerun 'BTV', reading coordinates from input trajectory 'cccc_step13.gro'


Back Off! I just backed up ener.edr to ./#ener.edr.24#
Reading frames from gro filestarting md rerun 'BTV', reading coordinates from input trajectory 'cccc_step11.gro'

 'mol ', 39 atoms.
Reading frames from gro fileReading frame       0 time    0.000   
WARNING: Some frames do not contain velocities.
         Ekin, temperature and pressure are incorrect,
         the virial will be incorrect when constraints are present.

Last frame          0 time    0.000   
 'mol ', 39 atoms.
Reading frame       0 time    0.000   
WARNING: Some frames do not contain velocities.
         Ekin, temperature and pressure are incorrect,
         the virial will be incorrect when constraints are present.


               Core t (s)   Wall t (s)        (%)
       Time:        0.003        0.010       31.4
                 (ns/day)    (hour/ns)
Performance:       17.882        1.342

gcq#401: "Ubiquitin's just a rock" (Berk Hess)

Last frame          0 time    0.000   

               Core t (s)   Wall t (s)        (%)
       Time:        0.003        0.006       46.0
                 (ns/day)    (hour/ns)
Performance:       27.348        0.878

gcq#111: "Bring Out the Gimp" (Pulp Fiction)

